\BOOKMARK [0][-]{dummy.1}{Abstract}{}% 1
\BOOKMARK [0][-]{dummy.5}{List\040of\040Figures}{}% 2
\BOOKMARK [0][-]{chapter.8}{1\040Introduction}{}% 3
\BOOKMARK [1][-]{section.9}{1.1\040Objectives}{chapter.8}% 4
\BOOKMARK [1][-]{section.11}{1.2\040Motivation}{chapter.8}% 5
\BOOKMARK [1][-]{section.13}{1.3\040Document\040structure}{chapter.8}% 6
\BOOKMARK [0][-]{chapter.15}{2\040Smart\040Grid}{}% 7
\BOOKMARK [1][-]{section.16}{2.1\040Smart\040Grid\040Model}{chapter.15}% 8
\BOOKMARK [1][-]{section.18}{2.2\040Smart\040Information\040SubSystem}{chapter.15}% 9
\BOOKMARK [1][-]{section.19}{2.3\040Smart\040Grid\040Communication}{chapter.15}% 10
\BOOKMARK [1][-]{section.20}{2.4\040Smart\040Meters}{chapter.15}% 11
\BOOKMARK [0][-]{chapter.21}{3\040Wireless\040Sensor\040Networks}{}% 12
\BOOKMARK [1][-]{section.22}{3.1\040WSN\040and\040The\040Smart\040Grid}{chapter.21}% 13
\BOOKMARK [0][-]{chapter.25}{4\040Distributed\040Data\040Aggregation}{}% 14
\BOOKMARK [1][-]{section.26}{4.1\040Definition}{chapter.25}% 15
\BOOKMARK [2][-]{subsection.28}{4.1.1\040Decomposable\040functions}{section.26}% 16
\BOOKMARK [2][-]{subsection.32}{4.1.2\040Duplicate\040sensitiveness\040and\040idempotence}{section.26}% 17
\BOOKMARK [1][-]{section.34}{4.2\040Distributed\040Data\040Aggregation\040Algorithms}{chapter.25}% 18
\BOOKMARK [1][-]{section.36}{4.3\040WSN\040Data\040Aggregation}{chapter.25}% 19
\BOOKMARK [1][-]{section.38}{4.4\040Smart\040Metering\040Aggregation\040Model}{chapter.25}% 20
\BOOKMARK [0][-]{chapter.40}{5\040Conclusion}{}% 21
\BOOKMARK [0][-]{dummy.42}{Bibliography}{}% 22
